  Лабораторная работа N1.cpp
c:\users\user\source\repos\лабораторная работа n1\лабораторная работа n1.cpp(91): error C2660: Min_Max: функция не принимает 4 аргументов
c:\users\user\source\repos\лабораторная работа n1\лабораторная работа n1.cpp(93): error C3873: "0xab": этот символ недопустим как первый символ идентификатора
c:\users\user\source\repos\лабораторная работа n1\лабораторная работа n1.cpp(93): error C2146: синтаксическая ошибка: отсутствие ";" перед идентификатором "«"
c:\users\user\source\repos\лабораторная работа n1\лабораторная работа n1.cpp(93): error C2065: «: необъявленный идентификатор
c:\users\user\source\repos\лабораторная работа n1\лабораторная работа n1.cpp(93): error C2143: синтаксическая ошибка: отсутствие ";" перед "строка"
c:\users\user\source\repos\лабораторная работа n1\лабораторная работа n1.cpp(93): error C2146: синтаксическая ошибка: отсутствие ";" перед идентификатором "s"
c:\users\user\source\repos\лабораторная работа n1\лабораторная работа n1.cpp(93): error C2146: синтаксическая ошибка: отсутствие ";" перед идентификатором "endl"
c:\users\user\source\repos\лабораторная работа n1\лабораторная работа n1.cpp(93): warning C4551: в вызове функции отсутствует список аргументов
c:\users\user\source\repos\лабораторная работа n1\лабораторная работа n1.cpp(99): error C2660: Min_Max: функция не принимает 4 аргументов
c:\users\user\source\repos\лабораторная работа n1\лабораторная работа n1.cpp(160): error C3873: "0xab": этот символ недопустим как первый символ идентификатора
c:\users\user\source\repos\лабораторная работа n1\лабораторная работа n1.cpp(160): error C2146: синтаксическая ошибка: отсутствие ";" перед идентификатором "«"
c:\users\user\source\repos\лабораторная работа n1\лабораторная работа n1.cpp(160): error C2065: «: необъявленный идентификатор
c:\users\user\source\repos\лабораторная работа n1\лабораторная работа n1.cpp(160): error C2143: синтаксическая ошибка: отсутствие ";" перед "строка"
c:\users\user\source\repos\лабораторная работа n1\лабораторная работа n1.cpp(160): error C2146: синтаксическая ошибка: отсутствие ";" перед идентификатором "g"
c:\users\user\source\repos\лабораторная работа n1\лабораторная работа n1.cpp(160): error C2146: синтаксическая ошибка: отсутствие ";" перед идентификатором "endl"
c:\users\user\source\repos\лабораторная работа n1\лабораторная работа n1.cpp(160): warning C4551: в вызове функции отсутствует список аргументов
c:\users\user\source\repos\лабораторная работа n1\лабораторная работа n1.cpp(163): error C3873: "0xab": этот символ недопустим как первый символ идентификатора
c:\users\user\source\repos\лабораторная работа n1\лабораторная работа n1.cpp(163): error C2146: синтаксическая ошибка: отсутствие ";" перед идентификатором "«"
c:\users\user\source\repos\лабораторная работа n1\лабораторная работа n1.cpp(163): error C2065: «: необъявленный идентификатор
c:\users\user\source\repos\лабораторная работа n1\лабораторная работа n1.cpp(163): error C2143: синтаксическая ошибка: отсутствие ";" перед "строка"
c:\users\user\source\repos\лабораторная работа n1\лабораторная работа n1.cpp(163): error C2146: синтаксическая ошибка: отсутствие ";" перед идентификатором "endl"
c:\users\user\source\repos\лабораторная работа n1\лабораторная работа n1.cpp(163): warning C4551: в вызове функции отсутствует список аргументов
c:\users\user\source\repos\лабораторная работа n1\лабораторная работа n1.cpp(170): error C3873: "0xab": этот символ недопустим как первый символ идентификатора
c:\users\user\source\repos\лабораторная работа n1\лабораторная работа n1.cpp(170): error C2146: синтаксическая ошибка: отсутствие ";" перед идентификатором "«"
c:\users\user\source\repos\лабораторная работа n1\лабораторная работа n1.cpp(170): error C2065: «: необъявленный идентификатор
c:\users\user\source\repos\лабораторная работа n1\лабораторная работа n1.cpp(170): error C2143: синтаксическая ошибка: отсутствие ";" перед "строка"
c:\users\user\source\repos\лабораторная работа n1\лабораторная работа n1.cpp(171): error C3873: "0xbb": этот символ недопустим как первый символ идентификатора
c:\users\user\source\repos\лабораторная работа n1\лабораторная работа n1.cpp(171): error C2146: синтаксическая ошибка: отсутствие ";" перед идентификатором "»"
c:\users\user\source\repos\лабораторная работа n1\лабораторная работа n1.cpp(171): error C2065: »: необъявленный идентификатор
c:\users\user\source\repos\лабораторная работа n1\лабораторная работа n1.cpp(171): error C2146: синтаксическая ошибка: отсутствие ";" перед идентификатором "com"
c:\users\user\source\repos\лабораторная работа n1\лабораторная работа n1.cpp(191): error C3873: "0xab": этот символ недопустим как первый символ идентификатора
c:\users\user\source\repos\лабораторная работа n1\лабораторная работа n1.cpp(191): error C2146: синтаксическая ошибка: отсутствие ";" перед идентификатором "«"
c:\users\user\source\repos\лабораторная работа n1\лабораторная работа n1.cpp(191): error C2065: «: необъявленный идентификатор
c:\users\user\source\repos\лабораторная работа n1\лабораторная работа n1.cpp(191): error C2143: синтаксическая ошибка: отсутствие ";" перед "строка"
